Determining if the function sgemm_ exists failed with the following output:
Change Dir: /mnt/c/Users/kulak/OneDrive/Documents/AAAAAAAAAVScode/Studia/pyBind/build/CMakeFiles/CMakeTmp

Run Build Command(s):/usr/bin/make -f Makefile cmTC_f6bca/fast && /usr/bin/make  -f CMakeFiles/cmTC_f6bca.dir/build.make CMakeFiles/cmTC_f6bca.dir/build
make[1]: Entering directory '/mnt/c/Users/kulak/OneDrive/Documents/AAAAAAAAAVScode/Studia/pyBind/build/CMakeFiles/CMakeTmp'
Building C object CMakeFiles/cmTC_f6bca.dir/CheckFunctionExists.c.o
/usr/bin/cc   -DCHECK_FUNCTION_EXISTS=sgemm_ -o CMakeFiles/cmTC_f6bca.dir/CheckFunctionExists.c.o -c /usr/local/share/cmake-3.22/Modules/CheckFunctionExists.c
Linking C executable cmTC_f6bca
/usr/local/bin/cmake -E cmake_link_script CMakeFiles/cmTC_f6bca.dir/link.txt --verbose=1
/usr/bin/cc  -DCHECK_FUNCTION_EXISTS=sgemm_ CMakeFiles/cmTC_f6bca.dir/CheckFunctionExists.c.o -o cmTC_f6bca 
/usr/bin/ld: CMakeFiles/cmTC_f6bca.dir/CheckFunctionExists.c.o: in function `main':
CheckFunctionExists.c:(.text+0x14): undefined reference to `sgemm_'
collect2: error: ld returned 1 exit status
make[1]: *** [CMakeFiles/cmTC_f6bca.dir/build.make:99: cmTC_f6bca] Error 1
make[1]: Leaving directory '/mnt/c/Users/kulak/OneDrive/Documents/AAAAAAAAAVScode/Studia/pyBind/build/CMakeFiles/CMakeTmp'
make: *** [Makefile:127: cmTC_f6bca/fast] Error 2



Performing C SOURCE FILE Test CMAKE_HAVE_LIBC_PTHREAD failed with the following output:
Change Dir: /mnt/c/Users/kulak/OneDrive/Documents/AAAAAAAAAVScode/Studia/pyBind/build/CMakeFiles/CMakeTmp

Run Build Command(s):/usr/bin/make -f Makefile cmTC_7927c/fast && /usr/bin/make  -f CMakeFiles/cmTC_7927c.dir/build.make CMakeFiles/cmTC_7927c.dir/build
make[1]: Entering directory '/mnt/c/Users/kulak/OneDrive/Documents/AAAAAAAAAVScode/Studia/pyBind/build/CMakeFiles/CMakeTmp'
Building C object CMakeFiles/cmTC_7927c.dir/src.c.o
/usr/bin/cc -DCMAKE_HAVE_LIBC_PTHREAD   -o CMakeFiles/cmTC_7927c.dir/src.c.o -c /mnt/c/Users/kulak/OneDrive/Documents/AAAAAAAAAVScode/Studia/pyBind/build/CMakeFiles/CMakeTmp/src.c
Linking C executable cmTC_7927c
/usr/local/bin/cmake -E cmake_link_script CMakeFiles/cmTC_7927c.dir/link.txt --verbose=1
/usr/bin/cc CMakeFiles/cmTC_7927c.dir/src.c.o -o cmTC_7927c 
/usr/bin/ld: CMakeFiles/cmTC_7927c.dir/src.c.o: in function `main':
src.c:(.text+0x46): undefined reference to `pthread_create'
/usr/bin/ld: src.c:(.text+0x52): undefined reference to `pthread_detach'
/usr/bin/ld: src.c:(.text+0x5e): undefined reference to `pthread_cancel'
/usr/bin/ld: src.c:(.text+0x6f): undefined reference to `pthread_join'
collect2: error: ld returned 1 exit status
make[1]: *** [CMakeFiles/cmTC_7927c.dir/build.make:99: cmTC_7927c] Error 1
make[1]: Leaving directory '/mnt/c/Users/kulak/OneDrive/Documents/AAAAAAAAAVScode/Studia/pyBind/build/CMakeFiles/CMakeTmp'
make: *** [Makefile:127: cmTC_7927c/fast] Error 2


Source file was:
#include <pthread.h>

static void* test_func(void* data)
{
  return data;
}

int main(void)
{
  pthread_t thread;
  pthread_create(&thread, NULL, test_func, NULL);
  pthread_detach(thread);
  pthread_cancel(thread);
  pthread_join(thread, NULL);
  pthread_atfork(NULL, NULL, NULL);
  pthread_exit(NULL);

  return 0;
}

Determining if the function pthread_create exists in the pthreads failed with the following output:
Change Dir: /mnt/c/Users/kulak/OneDrive/Documents/AAAAAAAAAVScode/Studia/pyBind/build/CMakeFiles/CMakeTmp

Run Build Command(s):/usr/bin/make -f Makefile cmTC_44273/fast && /usr/bin/make  -f CMakeFiles/cmTC_44273.dir/build.make CMakeFiles/cmTC_44273.dir/build
make[1]: Entering directory '/mnt/c/Users/kulak/OneDrive/Documents/AAAAAAAAAVScode/Studia/pyBind/build/CMakeFiles/CMakeTmp'
Building C object CMakeFiles/cmTC_44273.dir/CheckFunctionExists.c.o
/usr/bin/cc   -DCHECK_FUNCTION_EXISTS=pthread_create -o CMakeFiles/cmTC_44273.dir/CheckFunctionExists.c.o -c /usr/local/share/cmake-3.22/Modules/CheckFunctionExists.c
Linking C executable cmTC_44273
/usr/local/bin/cmake -E cmake_link_script CMakeFiles/cmTC_44273.dir/link.txt --verbose=1
/usr/bin/cc  -DCHECK_FUNCTION_EXISTS=pthread_create CMakeFiles/cmTC_44273.dir/CheckFunctionExists.c.o -o cmTC_44273  -lpthreads 
/usr/bin/ld: cannot find -lpthreads
collect2: error: ld returned 1 exit status
make[1]: *** [CMakeFiles/cmTC_44273.dir/build.make:99: cmTC_44273] Error 1
make[1]: Leaving directory '/mnt/c/Users/kulak/OneDrive/Documents/AAAAAAAAAVScode/Studia/pyBind/build/CMakeFiles/CMakeTmp'
make: *** [Makefile:127: cmTC_44273/fast] Error 2



